C:\USERS\COMP\DESKTOP\Курсач\Курсач\Курсач\DEBUG\ADDARCHIV.OBJ
C:\USERS\COMP\DESKTOP\Курсач\Курсач\Курсач\DEBUG\BASEUNIT.OBJ
C:\USERS\COMP\DESKTOP\Курсач\Курсач\Курсач\DEBUG\CHECKINPFILE.OBJ
C:\USERS\COMP\DESKTOP\Курсач\Курсач\Курсач\DEBUG\CREATEARCHKODIF.OBJ
C:\USERS\COMP\DESKTOP\Курсач\Курсач\Курсач\DEBUG\DELETEARCHIV.OBJ
C:\USERS\COMP\DESKTOP\Курсач\Курсач\Курсач\DEBUG\EDITARCHIV.OBJ
C:\USERS\COMP\DESKTOP\Курсач\Курсач\Курсач\DEBUG\KURS.OBJ
C:\USERS\COMP\DESKTOP\Курсач\Курсач\Курсач\DEBUG\REPORTARCHIV.OBJ
C:\USERS\COMP\DESKTOP\Курсач\Курсач\Курсач\DEBUG\SORTARCHIV.OBJ
C:\USERS\COMP\DESKTOP\КУРСАЧ\КУРСАЧ\КУРСАЧ\DEBUG\VC110.PDB
C:\USERS\COMP\DESKTOP\Курсач\Курсач\DEBUG\Курсач.ILK
C:\USERS\COMP\DESKTOP\Курсач\Курсач\DEBUG\Курсач.EXE
C:\USERS\COMP\DESKTOP\КУРСАЧ\КУРСАЧ\DEBUG\КУРСАЧ.PDB
C:\Users\Comp\Desktop\Курсач\Курсач\Курсач\Debug\AddArchiv.obj
C:\Users\Comp\Desktop\Курсач\Курсач\Курсач\Debug\BASEUNIT.obj
C:\Users\Comp\Desktop\Курсач\Курсач\Курсач\Debug\CheckInpFile.obj
C:\Users\Comp\Desktop\Курсач\Курсач\Курсач\Debug\CreateArchKodif.obj
C:\Users\Comp\Desktop\Курсач\Курсач\Курсач\Debug\DeleteArchiv.obj
C:\Users\Comp\Desktop\Курсач\Курсач\Курсач\Debug\EditArchiv.obj
C:\Users\Comp\Desktop\Курсач\Курсач\Курсач\Debug\KURS.obj
C:\Users\Comp\Desktop\Курсач\Курсач\Курсач\Debug\ReportArchiv.obj
C:\Users\Comp\Desktop\Курсач\Курсач\Курсач\Debug\SortArchiv.obj
C:\Users\Comp\Desktop\Курсач\Курсач\Курсач\Debug\cl.command.1.tlog
C:\Users\Comp\Desktop\Курсач\Курсач\Курсач\Debug\CL.read.1.tlog
C:\Users\Comp\Desktop\Курсач\Курсач\Курсач\Debug\CL.write.1.tlog
C:\Users\Comp\Desktop\Курсач\Курсач\Курсач\Debug\link-cvtres.read.1.tlog
C:\Users\Comp\Desktop\Курсач\Курсач\Курсач\Debug\link-cvtres.write.1.tlog
C:\Users\Comp\Desktop\Курсач\Курсач\Курсач\Debug\link-rc.read.1.tlog
C:\Users\Comp\Desktop\Курсач\Курсач\Курсач\Debug\link-rc.write.1.tlog
C:\Users\Comp\Desktop\Курсач\Курсач\Курсач\Debug\link.command.1.tlog
C:\Users\Comp\Desktop\Курсач\Курсач\Курсач\Debug\link.read.1.tlog
C:\Users\Comp\Desktop\Курсач\Курсач\Курсач\Debug\link.write.1.tlog
C:\Users\Comp\Desktop\Курсач\Курсач\Курсач\Debug\vc110.idb
C:\Users\Comp\Desktop\Курсач\Курсач\Курсач\Debug\vc110.pdb
C:\Users\Comp\Desktop\Курсач\Курсач\Debug\Курсач.pdb
C:\Users\Comp\Desktop\Курсач\Курсач\Debug\Курсач.exe
C:\Users\Comp\Desktop\Курсач\Курсач\Debug\Курсач.ilk
